Arguments: 
  C:\Users\Fire\scoop\apps\nvm\current\nodejs\nodejs\node.exe C:\Users\Fire\scoop\apps\nvm\current\nodejs\nodejs\node_modules\yarn\bin\yarn.js add swc-node

PATH: 
  C:\Program Files\PowerShell\7;C:\Program Files\AdoptOpenJDK\jdk-8.0.292.10-hotspot\bin;C:\Program Files\AdoptOpenJDK\jdk-16.0.1.9-hotspot\bin;C:\Program Files (x86)\Common Files\Oracle\Java\javapath;C:\Windows\system32;C:\Windows;C:\Windows\System32\Wbem;C:\Windows\System32\WindowsPowerShell\v1.0\;C:\Windows\System32\OpenSSH\;C:\Program Files\dotnet\;C:\ProgramData\chocolatey\bin;C:\Users\Fire\Downloads\GeneratorFabricMod\bin;C:\Users\Fire\AppData\Local\Yarn\bin;C:\Program Files\PowerShell\7\;C:\Program Files\MongoDB\Server\5.0\bin;C:\Users\Fire\scoop\apps\rustup\current\.cargo\bin;C:\Users\Fire\scoop\apps\oh-my-posh\current\bin;C:\Users\Fire\scoop\apps\python\current\Scripts;C:\Users\Fire\scoop\apps\python\current;C:\Users\Fire\go\bin;C:\Users\Fire\scoop\apps\nvm\current\nodejs\nodejs;C:\Users\Fire\scoop\shims;C:\Users\Fire\AppData\Local\Microsoft\WindowsApps;C:\Users\Fire\AppData\Local\Programs\Microsoft VS Code\bin;C:\Users\Fire\AppData\Local\gitkraken\bin

Yarn version: 
  1.22.11

Node version: 
  16.8.0

Platform: 
  win32 x64

Trace: 
  Error: https://registry.yarnpkg.com/swc-node: Not found
      at Request.params.callback [as _callback] (C:\Users\Fire\scoop\persist\nvm\nodejs\v16.8.0\node_modules\yarn\lib\cli.js:66992:18)
      at Request.self.callback (C:\Users\Fire\scoop\persist\nvm\nodejs\v16.8.0\node_modules\yarn\lib\cli.js:140763:22)
      at Request.emit (node:events:394:28)
      at Request.<anonymous> (C:\Users\Fire\scoop\persist\nvm\nodejs\v16.8.0\node_modules\yarn\lib\cli.js:141735:10)
      at Request.emit (node:events:394:28)
      at IncomingMessage.<anonymous> (C:\Users\Fire\scoop\persist\nvm\nodejs\v16.8.0\node_modules\yarn\lib\cli.js:141657:12)
      at Object.onceWrapper (node:events:513:28)
      at IncomingMessage.emit (node:events:406:35)
      at endReadableNT (node:internal/streams/readable:1343:12)
      at processTicksAndRejections (node:internal/process/task_queues:83:21)

npm manifest: 
  {
    "name": "irojs",
    "version": "0.0.1",
    "main": "dist/index.js",
    "author": "FireBlast",
    "license": "MIT",
    "scripts": {
      "build": "swc src -d dist -s&&nearleyc src/rion.ne -o dist/grammar.js"
    },
    "dependencies": {
      "@swc/cli": "^0.1.49",
      "@swc/core": "^1.2.83",
      "nearley": "^2.20.1"
    },
    "devDependencies": {
      "@types/nearley": "^2.11.2",
      "@types/node": "^14.17.0"
    }
  }

yarn manifest: 
  No manifest

Lockfile: 
  # THIS IS AN AUTOGENERATED FILE. DO NOT EDIT THIS FILE DIRECTLY.
  # yarn lockfile v1
  
  
  "@napi-rs/triples@^1.0.3":
    version "1.0.3"
    resolved "https://registry.yarnpkg.com/@napi-rs/triples/-/triples-1.0.3.tgz#76d6d0c3f4d16013c61e45dfca5ff1e6c31ae53c"
    integrity sha512-jDJTpta+P4p1NZTFVLHJ/TLFVYVcOqv6l8xwOeBKNPMgY/zDYH/YH7SJbvrr/h1RcS9GzbPcLKGzpuK9cV56UA==
  
  "@node-rs/helper@^1.0.0":
    version "1.2.1"
    resolved "https://registry.yarnpkg.com/@node-rs/helper/-/helper-1.2.1.tgz#e079b05f21ff4329d82c4e1f71c0290e4ecdc70c"
    integrity sha512-R5wEmm8nbuQU0YGGmYVjEc0OHtYsuXdpRG+Ut/3wZ9XAvQWyThN08bTh2cBJgoZxHQUPtvRfeQuxcAgLuiBISg==
    dependencies:
      "@napi-rs/triples" "^1.0.3"
  
  "@nodelib/fs.scandir@2.1.5":
    version "2.1.5"
    resolved "https://registry.yarnpkg.com/@nodelib/fs.scandir/-/fs.scandir-2.1.5.tgz#7619c2eb21b25483f6d167548b4cfd5a7488c3d5"
    integrity sha512-vq24Bq3ym5HEQm2NKCr3yXDwjc7vTsEThRDnkp2DK9p1uqLR+DHurm/NOTo0KG7HYHU7eppKZj3MyqYuMBf62g==
    dependencies:
      "@nodelib/fs.stat" "2.0.5"
      run-parallel "^1.1.9"
  
  "@nodelib/fs.stat@2.0.5", "@nodelib/fs.stat@^2.0.2":
    version "2.0.5"
    resolved "https://registry.yarnpkg.com/@nodelib/fs.stat/-/fs.stat-2.0.5.tgz#5bd262af94e9d25bd1e71b05deed44876a222e8b"
    integrity sha512-RkhPPp2zrqDAQA/2jNhnztcPAlv64XdhIp7a7454A5ovI7Bukxgt7MX7udwAu3zg1DcpPU0rz3VV1SeaqvY4+A==
  
  "@nodelib/fs.walk@^1.2.3":
    version "1.2.8"
    resolved "https://registry.yarnpkg.com/@nodelib/fs.walk/-/fs.walk-1.2.8.tgz#e95737e8bb6746ddedf69c556953494f196fe69a"
    integrity sha512-oGB+UxlgWcgQkgwo8GcEGwemoTFt3FIO9ababBmaGwXIoBKZ+GTy0pP185beGg7Llih/NSHSV2XAs1lnznocSg==
    dependencies:
      "@nodelib/fs.scandir" "2.1.5"
      fastq "^1.6.0"
  
  "@swc/cli@^0.1.49":
    version "0.1.49"
    resolved "https://registry.yarnpkg.com/@swc/cli/-/cli-0.1.49.tgz#c21ad59debb790a7069e835fb24645ff59580dfc"
    integrity sha512-r1m8C+4YoAmV+xfzPTvjsfOvOaFuCoyFTT3W/8mLoJMgx7CL4wu5/nCVVLHHC1JCJFbwSXvHTfkuHWRNcnOjtg==
    dependencies:
      commander "^7.1.0"
      fast-glob "^3.2.5"
      slash "3.0.0"
      source-map "^0.7.3"
  
  "@swc/core-android-arm64@^1.2.83":
    version "1.2.83"
    resolved "https://registry.yarnpkg.com/@swc/core-android-arm64/-/core-android-arm64-1.2.83.tgz#51bb5e30a52a88c38376695f31c952e0dd6bdeaa"
    integrity sha512-pODboMBvwplgfPU7/LVAJdIlt/9lttd8cMUwxSykMo/lFaP5J5SyiBauL1UzFEe6eGpN4WPhlF3H+tTz1uWBwg==
  
  "@swc/core-darwin-arm64@^1.2.83":
    version "1.2.83"
    resolved "https://registry.yarnpkg.com/@swc/core-darwin-arm64/-/core-darwin-arm64-1.2.83.tgz#3dd634504cc0eb3115f67d67d0688495be4c2189"
    integrity sha512-/RadmNG6w8ouXsqEFMgjUZL1pxiodkAMTLuKxzKgGb8C+cJYYzrMrJAhuRaVF56/tbI0f7HjGtVYPIUyj7PO/Q==
  
  "@swc/core-darwin-x64@^1.2.83":
    version "1.2.83"
    resolved "https://registry.yarnpkg.com/@swc/core-darwin-x64/-/core-darwin-x64-1.2.83.tgz#4cdad62fea2a4f9b8481f06999529d9a3d8b2632"
    integrity sha512-SuMQOzMPv79EqHbvkL29KuAfvxADpEgzVndg/w3rjfT2xHHRBZSbcpTWZ2mXYZeddM3+JG2OrHH55RixUH+r9Q==
  
  "@swc/core-freebsd-x64@^1.2.83":
    version "1.2.83"
    resolved "https://registry.yarnpkg.com/@swc/core-freebsd-x64/-/core-freebsd-x64-1.2.83.tgz#c317c21bca82c93f8074cb88baab6fa4055e36dd"
    integrity sha512-2s7L71s3OgrXbjujPY37OuA0FuTtoevTz8Ce40HkvfcOArTi92gN6WZu55ZtUIwFq3U/hH0oE0Po86JOO/ArVg==
  
  "@swc/core-linux-arm-gnueabihf@^1.2.83":
    version "1.2.83"
    resolved "https://registry.yarnpkg.com/@swc/core-linux-arm-gnueabihf/-/core-linux-arm-gnueabihf-1.2.83.tgz#ab6c7c4eb9cca4b99429d5d5714b2ac32e564c1e"
    integrity sha512-RwONngFb7BG+6o9Hi+EuE7dT0d/PtlZyV9DdeAP++uuem9I6vyuXmI3IqtpeRU731wW4gLvlRKLp/EV63sjoSA==
  
  "@swc/core-linux-arm64-gnu@^1.2.83":
    version "1.2.83"
    resolved "https://registry.yarnpkg.com/@swc/core-linux-arm64-gnu/-/core-linux-arm64-gnu-1.2.83.tgz#2ac6562c980167fdaba660ccfdefb54c55758483"
    integrity sha512-BM4cbI4X74eul6ix0PBsJ7sSkIbcHX9P6J3fAoT6CmYeS4gADGB4n1ktw5GYkXhaiVRVK9KVUXEqpfxBTpCXXQ==
  
  "@swc/core-linux-arm64-musl@^1.2.83":
    version "1.2.83"
    resolved "https://registry.yarnpkg.com/@swc/core-linux-arm64-musl/-/core-linux-arm64-musl-1.2.83.tgz#07425dfa5a2b6a768ee0111fbe8ac961dee179cd"
    integrity sha512-XDuxnA/rRMLOAAOCjyPlDdzFUrWuD3Xp+m5dHQi80VqpfLGxYeVZebUYfpEtWGI1K4UPQLx+gTk2ssVG5avWKA==
  
  "@swc/core-linux-x64-gnu@^1.2.83":
    version "1.2.83"
    resolved "https://registry.yarnpkg.com/@swc/core-linux-x64-gnu/-/core-linux-x64-gnu-1.2.83.tgz#195143b154a89bfa0a48f2166134b0ad971d71d3"
    integrity sha512-FaA5O2V0I8X6UuBua7a4ufGh/r9I00aXvoMcb2yrxyzyApgh2VvLfCj3DaiQIYR44QV7dQm/RII1KsJnX6XpDw==
  
  "@swc/core-linux-x64-musl@^1.2.83":
    version "1.2.83"
    resolved "https://registry.yarnpkg.com/@swc/core-linux-x64-musl/-/core-linux-x64-musl-1.2.83.tgz#172a419ef654977b4207c1ff62bbfaef2551b753"
    integrity sha512-BYNqN7cmN+TazrUrhGrY9IYbT2+l4UqFEZX/M5iWfFzpvHmGeeacvD4qxC1iAh99dqGHn7rsPM3QVK9lyDlLSw==
  
  "@swc/core-win32-arm64-msvc@^1.2.83":
    version "1.2.83"
    resolved "https://registry.yarnpkg.com/@swc/core-win32-arm64-msvc/-/core-win32-arm64-msvc-1.2.83.tgz#3204479e427d0af86215046ca339c351f62c0f29"
    integrity sha512-tMzWXwcwTsBQ0eVXrwai+Q/aiBZR1sDWpYDD1KINRIYWxTASJ0PLySbLyZdEFfxxPvqOY1gslnWLjPwa1frTkg==
  
  "@swc/core-win32-ia32-msvc@^1.2.83":
    version "1.2.83"
    resolved "https://registry.yarnpkg.com/@swc/core-win32-ia32-msvc/-/core-win32-ia32-msvc-1.2.83.tgz#02873c0566339a495b97e902b878bca25bfe4f9d"
    integrity sha512-ft1kSw8b09Lmyg7xXn7n99GYMr7CCFzWXB8800kjOb+9jsIN73Sn86I3TVldAeIdJZbeuTYU8J7cxhcJcnmmOA==
  
  "@swc/core-win32-x64-msvc@^1.2.83":
    version "1.2.83"
    resolved "https://registry.yarnpkg.com/@swc/core-win32-x64-msvc/-/core-win32-x64-msvc-1.2.83.tgz#6337aa847701f451d7689c9acb5839df4f34c22f"
    integrity sha512-HraOOGDp0dI4+yQ7DxW44FBGSa7CDKG+oviiu2ieXyFjnMqyI3AS5jD27O7g7WKQ1RvKky8M6PxFMz9w3P8HJQ==
  
  "@swc/core@^1.2.83":
    version "1.2.83"
    resolved "https://registry.yarnpkg.com/@swc/core/-/core-1.2.83.tgz#6895b0a0c58e3aeff444f01f8a35787b377fb1b5"
    integrity sha512-Ao5XziabPGXBcwyDF8NRZcp7ySZBsjrV1aDyVe2Rdb44VaJ8Q0jN7QjYlc4zOikcwgi1BF05YgvMykMfB0qKMA==
    dependencies:
      "@node-rs/helper" "^1.0.0"
    optionalDependencies:
      "@swc/core-android-arm64" "^1.2.83"
      "@swc/core-darwin-arm64" "^1.2.83"
      "@swc/core-darwin-x64" "^1.2.83"
      "@swc/core-freebsd-x64" "^1.2.83"
      "@swc/core-linux-arm-gnueabihf" "^1.2.83"
      "@swc/core-linux-arm64-gnu" "^1.2.83"
      "@swc/core-linux-arm64-musl" "^1.2.83"
      "@swc/core-linux-x64-gnu" "^1.2.83"
      "@swc/core-linux-x64-musl" "^1.2.83"
      "@swc/core-win32-arm64-msvc" "^1.2.83"
      "@swc/core-win32-ia32-msvc" "^1.2.83"
      "@swc/core-win32-x64-msvc" "^1.2.83"
  
  "@types/nearley@^2.11.2":
    version "2.11.2"
    resolved "https://registry.yarnpkg.com/@types/nearley/-/nearley-2.11.2.tgz#ddd716fa4b9ab15acec51d39b7524709d4dd5cc8"
    integrity sha512-jeyIDNBxxyWyEk6HemDC+t32b4fxthVsgWDxf88qD2WpX0QpOyY8JvA80AElPTBGRUsO0EKnr6OeVOjK3ZDdnA==
  
  "@types/node@^14.17.0":
    version "14.17.0"
    resolved "https://registry.yarnpkg.com/@types/node/-/node-14.17.0.tgz#3ba770047723b3eeb8dc9fca02cce8a7fb6378da"
    integrity sha512-w8VZUN/f7SSbvVReb9SWp6cJFevxb4/nkG65yLAya//98WgocKm5PLDAtSs5CtJJJM+kHmJjO/6mmYW4MHShZA==
  
  braces@^3.0.1:
    version "3.0.2"
    resolved "https://registry.yarnpkg.com/braces/-/braces-3.0.2.tgz#3454e1a462ee8d599e236df336cd9ea4f8afe107"
    integrity sha512-b8um+L1RzM3WDSzvhm6gIz1yfTbBt6YTlcEKAvsmqCZZFw46z626lVj9j1yEPW33H5H+lBQpZMP1k8l+78Ha0A==
    dependencies:
      fill-range "^7.0.1"
  
  commander@^2.19.0:
    version "2.20.3"
    resolved "https://registry.yarnpkg.com/commander/-/commander-2.20.3.tgz#fd485e84c03eb4881c20722ba48035e8531aeb33"
    integrity sha512-GpVkmM8vF2vQUkj2LvZmD35JxeJOLCwJ9cUkugyk2nuhbv3+mJvpLYYt+0+USMxE+oj+ey/lJEnhZw75x/OMcQ==
  
  commander@^7.1.0:
    version "7.2.0"
    resolved "https://registry.yarnpkg.com/commander/-/commander-7.2.0.tgz#a36cb57d0b501ce108e4d20559a150a391d97ab7"
    integrity sha512-QrWXB+ZQSVPmIWIhtEO9H+gwHaMGYiF5ChvoJ+K9ZGHG/sVsa6yiesAD1GC/x46sET00Xlwo1u49RVVVzvcSkw==
  
  discontinuous-range@1.0.0:
    version "1.0.0"
    resolved "https://registry.yarnpkg.com/discontinuous-range/-/discontinuous-range-1.0.0.tgz#e38331f0844bba49b9a9cb71c771585aab1bc65a"
    integrity sha1-44Mx8IRLukm5qctxx3FYWqsbxlo=
  
  fast-glob@^3.2.5:
    version "3.2.7"
    resolved "https://registry.yarnpkg.com/fast-glob/-/fast-glob-3.2.7.tgz#fd6cb7a2d7e9aa7a7846111e85a196d6b2f766a1"
    integrity sha512-rYGMRwip6lUMvYD3BTScMwT1HtAs2d71SMv66Vrxs0IekGZEjhM0pcMfjQPnknBt2zeCwQMEupiN02ZP4DiT1Q==
    dependencies:
      "@nodelib/fs.stat" "^2.0.2"
      "@nodelib/fs.walk" "^1.2.3"
      glob-parent "^5.1.2"
      merge2 "^1.3.0"
      micromatch "^4.0.4"
  
  fastq@^1.6.0:
    version "1.12.0"
    resolved "https://registry.yarnpkg.com/fastq/-/fastq-1.12.0.tgz#ed7b6ab5d62393fb2cc591c853652a5c318bf794"
    integrity sha512-VNX0QkHK3RsXVKr9KrlUv/FoTa0NdbYoHHl7uXHv2rzyHSlxjdNAKug2twd9luJxpcyNeAgf5iPPMutJO67Dfg==
    dependencies:
      reusify "^1.0.4"
  
  fill-range@^7.0.1:
    version "7.0.1"
    resolved "https://registry.yarnpkg.com/fill-range/-/fill-range-7.0.1.tgz#1919a6a7c75fe38b2c7c77e5198535da9acdda40"
    integrity sha512-qOo9F+dMUmC2Lcb4BbVvnKJxTPjCm+RRpe4gDuGrzkL7mEVl/djYSu2OdQ2Pa302N4oqkSg9ir6jaLWJ2USVpQ==
    dependencies:
      to-regex-range "^5.0.1"
  
  glob-parent@^5.1.2:
    version "5.1.2"
    resolved "https://registry.yarnpkg.com/glob-parent/-/glob-parent-5.1.2.tgz#869832c58034fe68a4093c17dc15e8340d8401c4"
    integrity sha512-AOIgSQCepiJYwP3ARnGx+5VnTu2HBYdzbGP45eLw1vr3zB3vZLeyed1sC9hnbcOc9/SrMyM5RPQrkGz4aS9Zow==
    dependencies:
      is-glob "^4.0.1"
  
  is-extglob@^2.1.1:
    version "2.1.1"
    resolved "https://registry.yarnpkg.com/is-extglob/-/is-extglob-2.1.1.tgz#a88c02535791f02ed37c76a1b9ea9773c833f8c2"
    integrity sha1-qIwCU1eR8C7TfHahueqXc8gz+MI=
  
  is-glob@^4.0.1:
    version "4.0.1"
    resolved "https://registry.yarnpkg.com/is-glob/-/is-glob-4.0.1.tgz#7567dbe9f2f5e2467bc77ab83c4a29482407a5dc"
    integrity sha512-5G0tKtBTFImOqDnLB2hG6Bp2qcKEFduo4tZu9MT/H6NQv/ghhy30o55ufafxJ/LdH79LLs2Kfrn85TLKyA7BUg==
    dependencies:
      is-extglob "^2.1.1"
  
  is-number@^7.0.0:
    version "7.0.0"
    resolved "https://registry.yarnpkg.com/is-number/-/is-number-7.0.0.tgz#7535345b896734d5f80c4d06c50955527a14f12b"
    integrity sha512-41Cifkg6e8TylSpdtTpeLVMqvSBEVzTttHvERD741+pnZ8ANv0004MRL43QKPDlK9cGvNp6NZWZUBlbGXYxxng==
  
  merge2@^1.3.0:
    version "1.4.1"
    resolved "https://registry.yarnpkg.com/merge2/-/merge2-1.4.1.tgz#4368892f885e907455a6fd7dc55c0c9d404990ae"
    integrity sha512-8q7VEgMJW4J8tcfVPy8g09NcQwZdbwFEqhe/WZkoIzjn/3TGDwtOCYtXGxA3O8tPzpczCCDgv+P2P5y00ZJOOg==
  
  micromatch@^4.0.4:
    version "4.0.4"
    resolved "https://registry.yarnpkg.com/micromatch/-/micromatch-4.0.4.tgz#896d519dfe9db25fce94ceb7a500919bf881ebf9"
    integrity sha512-pRmzw/XUcwXGpD9aI9q/0XOwLNygjETJ8y0ao0wdqprrzDa4YnxLcz7fQRZr8voh8V10kGhABbNcHVk5wHgWwg==
    dependencies:
      braces "^3.0.1"
      picomatch "^2.2.3"
  
  moo@^0.5.0:
    version "0.5.1"
    resolved "https://registry.yarnpkg.com/moo/-/moo-0.5.1.tgz#7aae7f384b9b09f620b6abf6f74ebbcd1b65dbc4"
    integrity sha512-I1mnb5xn4fO80BH9BLcF0yLypy2UKl+Cb01Fu0hJRkJjlCRtxZMWkTdAtDd5ZqCOxtCkhmRwyI57vWT+1iZ67w==
  
  nearley@^2.20.1:
    version "2.20.1"
    resolved "https://registry.yarnpkg.com/nearley/-/nearley-2.20.1.tgz#246cd33eff0d012faf197ff6774d7ac78acdd474"
    integrity sha512-+Mc8UaAebFzgV+KpI5n7DasuuQCHA89dmwm7JXw3TV43ukfNQ9DnBH3Mdb2g/I4Fdxc26pwimBWvjIw0UAILSQ==
    dependencies:
      commander "^2.19.0"
      moo "^0.5.0"
      railroad-diagrams "^1.0.0"
      randexp "0.4.6"
  
  picomatch@^2.2.3:
    version "2.3.0"
    resolved "https://registry.yarnpkg.com/picomatch/-/picomatch-2.3.0.tgz#f1f061de8f6a4bf022892e2d128234fb98302972"
    integrity sha512-lY1Q/PiJGC2zOv/z391WOTD+Z02bCgsFfvxoXXf6h7kv9o+WmsmzYqrAwY63sNgOxE4xEdq0WyUnXfKeBrSvYw==
  
  queue-microtask@^1.2.2:
    version "1.2.3"
    resolved "https://registry.yarnpkg.com/queue-microtask/-/queue-microtask-1.2.3.tgz#4929228bbc724dfac43e0efb058caf7b6cfb6243"
    integrity sha512-NuaNSa6flKT5JaSYQzJok04JzTL1CA6aGhv5rfLW3PgqA+M2ChpZQnAC8h8i4ZFkBS8X5RqkDBHA7r4hej3K9A==
  
  railroad-diagrams@^1.0.0:
    version "1.0.0"
    resolved "https://registry.yarnpkg.com/railroad-diagrams/-/railroad-diagrams-1.0.0.tgz#eb7e6267548ddedfb899c1b90e57374559cddb7e"
    integrity sha1-635iZ1SN3t+4mcG5Dlc3RVnN234=
  
  randexp@0.4.6:
    version "0.4.6"
    resolved "https://registry.yarnpkg.com/randexp/-/randexp-0.4.6.tgz#e986ad5e5e31dae13ddd6f7b3019aa7c87f60ca3"
    integrity sha512-80WNmd9DA0tmZrw9qQa62GPPWfuXJknrmVmLcxvq4uZBdYqb1wYoKTmnlGUchvVWe0XiLupYkBoXVOxz3C8DYQ==
    dependencies:
      discontinuous-range "1.0.0"
      ret "~0.1.10"
  
  ret@~0.1.10:
    version "0.1.15"
    resolved "https://registry.yarnpkg.com/ret/-/ret-0.1.15.tgz#b8a4825d5bdb1fc3f6f53c2bc33f81388681c7bc"
    integrity sha512-TTlYpa+OL+vMMNG24xSlQGEJ3B/RzEfUlLct7b5G/ytav+wPrplCpVMFuwzXbkecJrb6IYo1iFb0S9v37754mg==
  
  reusify@^1.0.4:
    version "1.0.4"
    resolved "https://registry.yarnpkg.com/reusify/-/reusify-1.0.4.tgz#90da382b1e126efc02146e90845a88db12925d76"
    integrity sha512-U9nH88a3fc/ekCF1l0/UP1IosiuIjyTh7hBvXVMHYgVcfGvt897Xguj2UOLDeI5BG2m7/uwyaLVT6fbtCwTyzw==
  
  run-parallel@^1.1.9:
    version "1.2.0"
    resolved "https://registry.yarnpkg.com/run-parallel/-/run-parallel-1.2.0.tgz#66d1368da7bdf921eb9d95bd1a9229e7f21a43ee"
    integrity sha512-5l4VyZR86LZ/lDxZTR6jqL8AFE2S0IFLMP26AbjsLVADxHdhB/c0GUsH+y39UfCi3dzz8OlQuPmnaJOMoDHQBA==
    dependencies:
      queue-microtask "^1.2.2"
  
  slash@3.0.0:
    version "3.0.0"
    resolved "https://registry.yarnpkg.com/slash/-/slash-3.0.0.tgz#6539be870c165adbd5240220dbe361f1bc4d4634"
    integrity sha512-g9Q1haeby36OSStwb4ntCGGGaKsaVSjQ68fBxoQcutl5fS1vuY18H3wSt3jFyFtrkx+Kz0V1G85A4MyAdDMi2Q==
  
  source-map@^0.7.3:
    version "0.7.3"
    resolved "https://registry.yarnpkg.com/source-map/-/source-map-0.7.3.tgz#5302f8169031735226544092e64981f751750383"
    integrity sha512-CkCj6giN3S+n9qrYiBTX5gystlENnRW5jZeNLHpe6aue+SrHcG5VYwujhW9s4dY31mEGsxBDrHR6oI69fTXsaQ==
  
  to-regex-range@^5.0.1:
    version "5.0.1"
    resolved "https://registry.yarnpkg.com/to-regex-range/-/to-regex-range-5.0.1.tgz#1648c44aae7c8d988a326018ed72f5b4dd0392e4"
    integrity sha512-65P7iz6X5yEr1cwcgvQxbbIw7Uk3gOy5dIdtZ4rDveLqhrdJP+Li/Hx6tyK0NEb+2GCyneCMJiGqrADCSNk8sQ==
    dependencies:
      is-number "^7.0.0"
